# This file was automatically created by FeynRules 1.6.16
# Mathematica version: 9.0 for Mac OS X x86 (64-bit) (November 20, 2012)
# Date: Tue 6 Aug 2013 09:33:17


# 
# This is the logfile for the model SM+Squark+DM

# Authors: A. Vichi
# Model version: 1.0
# Checking the Quantum numbers
   * Electric charge defined.
# Checking the Lagrangians
   * All Lagrangians are ok.
#
# Particle definitions
#

   * No particles removed. All particles correspond to GenInt setup.

# Automatically assigned PDG numbers
   * Assigned PDG number 9000001 to particle ghA
   * Assigned PDG number 9000002 to particle ghZ
   * Assigned PDG number 9000003 to particle ghWp
   * Assigned PDG number 9000004 to particle ghWm
   * Assigned PDG number 9000005 to particle ghG


# Compulsory PDG codes:
   * Class SM leptons complete.
   * Class SM neutrinos complete.
   * Class SM quarks complete.
   * Class SM gauge bosons complete.
#
# Parameter definitions
#

   * Parameter gDMsquark has no value. Default value 1 assigned.
   * Parameter gw has no value. Default value 1 assigned.
   * Parameter g1 has no value. Default value 1 assigned.


# Vertices
   * Calling FeynmanRules for 6 Lagrangians.
   * Number of classes vertices: 53
   * Number of flavored vertices: 97
   * Saved vertices in InterfaceRun[ 1 ].
   * Checked QNumber conservation.
      - Quantum number GhostNumber conserved in all vertices.
      - Quantum number LeptonNumber conserved in all vertices.
      - Quantum number Q conserved in all vertices.
      - Quantum number Y NOT conserved in the following vertices
          {sdr, dbar, chi}
          {sdrbar, chibar, d}
          {ssr, sbar, chi}
          {ssrbar, chibar, s}
   * particles.py written.
   * parameters.py written.
#
# Vertex definitions
#

   * 97 vertices written.
   * vertices.py written.
#
# Lorentz structure definitions
#

   * 20 lorentz structures written.
   * lorentz.py written.
#
# Coupling definitions
#

   * 60 couplings written.
   * couplings.py written.
#
# Coupling order definitions
#

   * 0 couplings orders written.
   * coupling_orders.py written.
